[ 2015-05-31T12:36:18+08:00 ] ::1 /thelastbattel/index.php/%E5%89%91%E9%98%81-Toruneko_files/jquery.js
INFO: [ app_init ] --START--
INFO: Run Behavior\BuildLiteBehavior [ RunTime:0.000009s ]
INFO: [ app_init ] --END-- [ RunTime:0.000242s ]
ERR: 无法加载模块:剑阁-Toruneko_files

[ 2015-05-31T12:36:18+08:00 ] ::1 /thelastbattel/index.php/%E5%89%91%E9%98%81-Toruneko_files/jquery.js
INFO: [ app_init ] --START--
INFO: Run Behavior\BuildLiteBehavior [ RunTime:0.000011s ]
INFO: [ app_init ] --END-- [ RunTime:0.000299s ]
ERR: 无法加载模块:剑阁-Toruneko_files

[ 2015-05-31T12:40:23+08:00 ] ::1 /thelastbattel/index.php/userunset
INFO: [ app_init ] --START--
INFO: Run Behavior\BuildLiteBehavior [ RunTime:0.000010s ]
INFO: [ app_init ] --END-- [ RunTime:0.000240s ]
ERR: 无法加载模块:Userunset

[ 2015-05-31T12:41:21+08:00 ] ::1 /TheLastBattel/index.php/userunset
INFO: [ app_init ] --START--
INFO: Run Behavior\BuildLiteBehavior [ RunTime:0.000010s ]
INFO: [ app_init ] --END-- [ RunTime:0.000286s ]
ERR: 无法加载模块:Userunset

[ 2015-05-31T12:41:31+08:00 ] ::1 /TheLastBattel/index.php/userunset
INFO: [ app_init ] --START--
INFO: Run Behavior\BuildLiteBehavior [ RunTime:0.000017s ]
INFO: [ app_init ] --END-- [ RunTime:0.000277s ]
ERR: 无法加载模块:Userunset

[ 2015-05-31T12:44:26+08:00 ] ::1 /TheLastBattel/index.php/userunset
INFO: [ app_init ] --START--
INFO: Run Behavior\BuildLiteBehavior [ RunTime:0.000019s ]
INFO: [ app_init ] --END-- [ RunTime:0.000479s ]
ERR: 无法加载模块:Userunset

[ 2015-05-31T12:44:30+08:00 ] ::1 /TheLastBattel/index.php/userunset
INFO: [ app_init ] --START--
INFO: Run Behavior\BuildLiteBehavior [ RunTime:0.000016s ]
INFO: [ app_init ] --END-- [ RunTime:0.000359s ]
ERR: 无法加载模块:Userunset

[ 2015-05-31T12:44:31+08:00 ] ::1 /TheLastBattel/index.php/userunset
INFO: [ app_init ] --START--
INFO: Run Behavior\BuildLiteBehavior [ RunTime:0.000012s ]
INFO: [ app_init ] --END-- [ RunTime:0.000314s ]
ERR: 无法加载模块:Userunset

[ 2015-05-31T12:44:31+08:00 ] ::1 /TheLastBattel/index.php/userunset
INFO: [ app_init ] --START--
INFO: Run Behavior\BuildLiteBehavior [ RunTime:0.000012s ]
INFO: [ app_init ] --END-- [ RunTime:0.000329s ]
ERR: 无法加载模块:Userunset

[ 2015-05-31T12:44:31+08:00 ] ::1 /TheLastBattel/index.php/userunset
INFO: [ app_init ] --START--
INFO: Run Behavior\BuildLiteBehavior [ RunTime:0.000013s ]
INFO: [ app_init ] --END-- [ RunTime:0.000334s ]
ERR: 无法加载模块:Userunset

[ 2015-05-31T12:44:31+08:00 ] ::1 /TheLastBattel/index.php/userunset
INFO: [ app_init ] --START--
INFO: Run Behavior\BuildLiteBehavior [ RunTime:0.000016s ]
INFO: [ app_init ] --END-- [ RunTime:0.000419s ]
ERR: 无法加载模块:Userunset

[ 2015-05-31T12:44:32+08:00 ] ::1 /TheLastBattel/index.php/userunset
INFO: [ app_init ] --START--
INFO: Run Behavior\BuildLiteBehavior [ RunTime:0.000012s ]
INFO: [ app_init ] --END-- [ RunTime:0.000320s ]
ERR: 无法加载模块:Userunset

